{"/Users/rokasandreikenas/Work/IamJunior/accelerator/10. full-stack-app/frontend/src/components/business/BusinessCard.tsx": {"path":"/Users/rokasandreikenas/Work/IamJunior/accelerator/10. full-stack-app/frontend/src/components/business/BusinessCard.tsx","statementMap":{"0":{"start":{"line":1,"column":0},"end":{"line":1,"column":38}},"1":{"start":{"line":2,"column":0},"end":{"line":2,"column":48}},"2":{"start":{"line":9,"column":21},"end":{"line":28,"column":1}},"3":{"start":{"line":10,"column":2},"end":{"line":27,"column":4}},"4":{"start":{"line":30,"column":0},"end":{"line":30,"column":28}}},"fnMap":{"0":{"name":"(anonymous_0)","decl":{"start":{"line":9,"column":21},"end":{"line":9,"column":22}},"loc":{"start":{"line":9,"column":57},"end":{"line":28,"column":1}}}},"branchMap":{"0":{"loc":{"start":{"line":12,"column":7},"end":{"line":17,"column":null}},"type":"binary-expr","locations":[{"start":{"line":12,"column":7},"end":{"line":12,"column":32}},{"start":{"line":13,"column":8},"end":{"line":16,"column":null}}]}},"s":{"0":2,"1":2,"2":2,"3":6,"4":2},"f":{"0":6},"b":{"0":[6,5]}}
,"/Users/rokasandreikenas/Work/IamJunior/accelerator/10. full-stack-app/frontend/src/components/business/BusinessList.tsx": {"path":"/Users/rokasandreikenas/Work/IamJunior/accelerator/10. full-stack-app/frontend/src/components/business/BusinessList.tsx","statementMap":{"0":{"start":{"line":1,"column":0},"end":{"line":1,"column":36}},"1":{"start":{"line":2,"column":0},"end":{"line":2,"column":42}},"2":{"start":{"line":3,"column":0},"end":{"line":3,"column":48}},"3":{"start":{"line":5,"column":0},"end":{"line":5,"column":40}},"4":{"start":{"line":12,"column":21},"end":{"line":27,"column":1}},"5":{"start":{"line":13,"column":19},"end":{"line":13,"column":34}},"6":{"start":{"line":14,"column":21},"end":{"line":14,"column":31}},"7":{"start":{"line":16,"column":27},"end":{"line":18,"column":16}},"8":{"start":{"line":17,"column":38},"end":{"line":17,"column":72}},"9":{"start":{"line":20,"column":2},"end":{"line":26,"column":4}},"10":{"start":{"line":23,"column":8},"end":{"line":23,"column":41}},"11":{"start":{"line":29,"column":0},"end":{"line":29,"column":28}}},"fnMap":{"0":{"name":"(anonymous_0)","decl":{"start":{"line":12,"column":21},"end":{"line":12,"column":22}},"loc":{"start":{"line":12,"column":72},"end":{"line":27,"column":1}}},"1":{"name":"(anonymous_1)","decl":{"start":{"line":17,"column":24},"end":{"line":17,"column":25}},"loc":{"start":{"line":17,"column":38},"end":{"line":17,"column":72}}},"2":{"name":"(anonymous_2)","decl":{"start":{"line":22,"column":28},"end":{"line":22,"column":29}},"loc":{"start":{"line":23,"column":8},"end":{"line":23,"column":41}}}},"branchMap":{"0":{"loc":{"start":{"line":14,"column":21},"end":{"line":14,"column":31}},"type":"binary-expr","locations":[{"start":{"line":14,"column":21},"end":{"line":14,"column":25}},{"start":{"line":14,"column":29},"end":{"line":14,"column":31}}]},"1":{"loc":{"start":{"line":16,"column":27},"end":{"line":18,"column":16}},"type":"cond-expr","locations":[{"start":{"line":17,"column":6},"end":{"line":17,"column":73}},{"start":{"line":18,"column":6},"end":{"line":18,"column":16}}]}},"s":{"0":1,"1":1,"2":1,"3":1,"4":1,"5":3,"6":3,"7":3,"8":2,"9":3,"10":3,"11":1},"f":{"0":3,"1":2,"2":3},"b":{"0":[3,0],"1":[1,2]}}
,"/Users/rokasandreikenas/Work/IamJunior/accelerator/10. full-stack-app/frontend/src/components/business/api.ts": {"path":"/Users/rokasandreikenas/Work/IamJunior/accelerator/10. full-stack-app/frontend/src/components/business/api.ts","statementMap":{"0":{"start":{"line":1,"column":0},"end":{"line":1,"column":43}},"1":{"start":{"line":4,"column":31},"end":{"line":7,"column":1}},"2":{"start":{"line":5,"column":19},"end":{"line":5,"column":57}},"3":{"start":{"line":6,"column":2},"end":{"line":6,"column":29}},"4":{"start":{"line":4,"column":13},"end":{"line":4,"column":31}}},"fnMap":{"0":{"name":"(anonymous_0)","decl":{"start":{"line":4,"column":31},"end":{"line":4,"column":36}},"loc":{"start":{"line":4,"column":63},"end":{"line":7,"column":1}}}},"branchMap":{},"s":{"0":1,"1":1,"2":0,"3":0,"4":1},"f":{"0":0},"b":{}}
,"/Users/rokasandreikenas/Work/IamJunior/accelerator/10. full-stack-app/frontend/src/components/business/hooks.ts": {"path":"/Users/rokasandreikenas/Work/IamJunior/accelerator/10. full-stack-app/frontend/src/components/business/hooks.ts","statementMap":{"0":{"start":{"line":1,"column":0},"end":{"line":1,"column":49}},"1":{"start":{"line":2,"column":0},"end":{"line":2,"column":40}},"2":{"start":{"line":4,"column":13},"end":{"line":4,"column":39}},"3":{"start":{"line":6,"column":29},"end":{"line":11,"column":1}},"4":{"start":{"line":7,"column":2},"end":{"line":10,"column":5}},"5":{"start":{"line":6,"column":13},"end":{"line":6,"column":29}}},"fnMap":{"0":{"name":"(anonymous_0)","decl":{"start":{"line":6,"column":29},"end":{"line":6,"column":32}},"loc":{"start":{"line":6,"column":34},"end":{"line":11,"column":1}}}},"branchMap":{},"s":{"0":1,"1":1,"2":1,"3":1,"4":0,"5":1},"f":{"0":0},"b":{}}
,"/Users/rokasandreikenas/Work/IamJunior/accelerator/10. full-stack-app/frontend/src/components/common/Button.tsx": {"path":"/Users/rokasandreikenas/Work/IamJunior/accelerator/10. full-stack-app/frontend/src/components/common/Button.tsx","statementMap":{"0":{"start":{"line":1,"column":0},"end":{"line":1,"column":36}},"1":{"start":{"line":2,"column":0},"end":{"line":2,"column":42}},"2":{"start":{"line":11,"column":15},"end":{"line":32,"column":1}},"3":{"start":{"line":18,"column":2},"end":{"line":31,"column":4}},"4":{"start":{"line":34,"column":0},"end":{"line":34,"column":22}}},"fnMap":{"0":{"name":"(anonymous_0)","decl":{"start":{"line":11,"column":15},"end":{"line":11,"column":16}},"loc":{"start":{"line":17,"column":18},"end":{"line":32,"column":1}}}},"branchMap":{"0":{"loc":{"start":{"line":22,"column":8},"end":{"line":22,"column":33}},"type":"binary-expr","locations":[{"start":{"line":22,"column":8},"end":{"line":22,"column":15}},{"start":{"line":22,"column":19},"end":{"line":22,"column":33}}]},"1":{"loc":{"start":{"line":23,"column":8},"end":{"line":23,"column":29}},"type":"binary-expr","locations":[{"start":{"line":23,"column":8},"end":{"line":23,"column":13}},{"start":{"line":23,"column":17},"end":{"line":23,"column":29}}]},"2":{"loc":{"start":{"line":24,"column":8},"end":{"line":24,"column":29}},"type":"binary-expr","locations":[{"start":{"line":24,"column":8},"end":{"line":24,"column":13}},{"start":{"line":24,"column":17},"end":{"line":24,"column":29}}]}},"s":{"0":3,"1":3,"2":3,"3":11,"4":3},"f":{"0":11},"b":{"0":[11,0],"1":[11,0],"2":[11,0]}}
,"/Users/rokasandreikenas/Work/IamJunior/accelerator/10. full-stack-app/frontend/src/components/common/FormikInput.tsx": {"path":"/Users/rokasandreikenas/Work/IamJunior/accelerator/10. full-stack-app/frontend/src/components/common/FormikInput.tsx","statementMap":{"0":{"start":{"line":1,"column":0},"end":{"line":1,"column":45}},"1":{"start":{"line":2,"column":0},"end":{"line":2,"column":28}},"2":{"start":{"line":3,"column":0},"end":{"line":3,"column":41}},"3":{"start":{"line":9,"column":20},"end":{"line":16,"column":1}},"4":{"start":{"line":10,"column":2},"end":{"line":15,"column":4}},"5":{"start":{"line":18,"column":0},"end":{"line":18,"column":27}}},"fnMap":{"0":{"name":"(anonymous_0)","decl":{"start":{"line":9,"column":20},"end":{"line":9,"column":21}},"loc":{"start":{"line":9,"column":61},"end":{"line":16,"column":1}}}},"branchMap":{},"s":{"0":1,"1":1,"2":1,"3":1,"4":10,"5":1},"f":{"0":10},"b":{}}
,"/Users/rokasandreikenas/Work/IamJunior/accelerator/10. full-stack-app/frontend/src/components/common/Input.tsx": {"path":"/Users/rokasandreikenas/Work/IamJunior/accelerator/10. full-stack-app/frontend/src/components/common/Input.tsx","statementMap":{"0":{"start":{"line":1,"column":0},"end":{"line":1,"column":36}},"1":{"start":{"line":2,"column":0},"end":{"line":2,"column":41}},"2":{"start":{"line":6,"column":14},"end":{"line":8,"column":1}},"3":{"start":{"line":7,"column":2},"end":{"line":7,"column":78}},"4":{"start":{"line":10,"column":0},"end":{"line":10,"column":21}}},"fnMap":{"0":{"name":"(anonymous_0)","decl":{"start":{"line":6,"column":14},"end":{"line":6,"column":15}},"loc":{"start":{"line":6,"column":54},"end":{"line":8,"column":1}}}},"branchMap":{},"s":{"0":1,"1":1,"2":1,"3":28,"4":1},"f":{"0":28},"b":{}}
,"/Users/rokasandreikenas/Work/IamJunior/accelerator/10. full-stack-app/frontend/src/components/user/LoginForm.tsx": {"path":"/Users/rokasandreikenas/Work/IamJunior/accelerator/10. full-stack-app/frontend/src/components/user/LoginForm.tsx","statementMap":{"0":{"start":{"line":1,"column":0},"end":{"line":1,"column":45}},"1":{"start":{"line":2,"column":0},"end":{"line":2,"column":53}},"2":{"start":{"line":3,"column":0},"end":{"line":3,"column":38}},"3":{"start":{"line":4,"column":0},"end":{"line":4,"column":41}},"4":{"start":{"line":5,"column":0},"end":{"line":5,"column":48}},"5":{"start":{"line":6,"column":0},"end":{"line":6,"column":52}},"6":{"start":{"line":7,"column":0},"end":{"line":7,"column":null}},"7":{"start":{"line":12,"column":0},"end":{"line":12,"column":58}},"8":{"start":{"line":13,"column":0},"end":{"line":13,"column":40}},"9":{"start":{"line":14,"column":0},"end":{"line":14,"column":39}},"10":{"start":{"line":17,"column":18},"end":{"line":65,"column":1}},"11":{"start":{"line":18,"column":20},"end":{"line":18,"column":43}},"12":{"start":{"line":19,"column":28},"end":{"line":19,"column":40}},"13":{"start":{"line":20,"column":37},"end":{"line":20,"column":51}},"14":{"start":{"line":21,"column":19},"end":{"line":21,"column":32}},"15":{"start":{"line":23,"column":23},"end":{"line":33,"column":3}},"16":{"start":{"line":24,"column":4},"end":{"line":32,"column":5}},"17":{"start":{"line":25,"column":23},"end":{"line":25,"column":50}},"18":{"start":{"line":26,"column":6},"end":{"line":26,"column":22}},"19":{"start":{"line":27,"column":6},"end":{"line":27,"column":28}},"20":{"start":{"line":29,"column":27},"end":{"line":29,"column":49}},"21":{"start":{"line":30,"column":6},"end":{"line":30,"column":34}},"22":{"start":{"line":31,"column":6},"end":{"line":31,"column":58}},"23":{"start":{"line":35,"column":2},"end":{"line":64,"column":4}},"24":{"start":{"line":67,"column":0},"end":{"line":67,"column":25}}},"fnMap":{"0":{"name":"(anonymous_0)","decl":{"start":{"line":17,"column":18},"end":{"line":17,"column":21}},"loc":{"start":{"line":17,"column":23},"end":{"line":65,"column":1}}},"1":{"name":"(anonymous_1)","decl":{"start":{"line":23,"column":23},"end":{"line":23,"column":28}},"loc":{"start":{"line":23,"column":58},"end":{"line":33,"column":3}}}},"branchMap":{"0":{"loc":{"start":{"line":31,"column":15},"end":{"line":31,"column":56}},"type":"binary-expr","locations":[{"start":{"line":31,"column":15},"end":{"line":31,"column":50}},{"start":{"line":31,"column":54},"end":{"line":31,"column":56}}]},"1":{"loc":{"start":{"line":54,"column":11},"end":{"line":54,"column":59}},"type":"binary-expr","locations":[{"start":{"line":54,"column":11},"end":{"line":54,"column":16}},{"start":{"line":54,"column":20},"end":{"line":54,"column":59}}]}},"s":{"0":1,"1":1,"2":1,"3":1,"4":1,"5":1,"6":1,"7":1,"8":1,"9":1,"10":1,"11":6,"12":5,"13":5,"14":5,"15":5,"16":2,"17":2,"18":1,"19":1,"20":1,"21":1,"22":1,"23":5,"24":1},"f":{"0":6,"1":2},"b":{"0":[1,0],"1":[5,1]}}
,"/Users/rokasandreikenas/Work/IamJunior/accelerator/10. full-stack-app/frontend/src/components/user/consts.ts": {"path":"/Users/rokasandreikenas/Work/IamJunior/accelerator/10. full-stack-app/frontend/src/components/user/consts.ts","statementMap":{"0":{"start":{"line":1,"column":0},"end":{"line":1,"column":27}},"1":{"start":{"line":3,"column":0},"end":{"line":3,"column":53}},"2":{"start":{"line":5,"column":13},"end":{"line":11,"column":5}},"3":{"start":{"line":13,"column":13},"end":{"line":20,"column":5}},"4":{"start":{"line":22,"column":13},"end":{"line":25,"column":2}},"5":{"start":{"line":27,"column":13},"end":{"line":31,"column":2}}},"fnMap":{},"branchMap":{},"s":{"0":1,"1":1,"2":1,"3":1,"4":1,"5":1},"f":{},"b":{}}
,"/Users/rokasandreikenas/Work/IamJunior/accelerator/10. full-stack-app/frontend/src/config/axios.ts": {"path":"/Users/rokasandreikenas/Work/IamJunior/accelerator/10. full-stack-app/frontend/src/config/axios.ts","statementMap":{"0":{"start":{"line":1,"column":0},"end":{"line":1,"column":44}},"1":{"start":{"line":2,"column":0},"end":{"line":2,"column":62}},"2":{"start":{"line":4,"column":16},"end":{"line":4,"column":66}},"3":{"start":{"line":6,"column":35},"end":{"line":8,"column":2}},"4":{"start":{"line":10,"column":13},"end":{"line":10,"column":50}},"5":{"start":{"line":12,"column":0},"end":{"line":24,"column":2}},"6":{"start":{"line":14,"column":18},"end":{"line":14,"column":47}},"7":{"start":{"line":15,"column":4},"end":{"line":18,"column":5}},"8":{"start":{"line":16,"column":26},"end":{"line":16,"column":43}},"9":{"start":{"line":17,"column":6},"end":{"line":17,"column":61}},"10":{"start":{"line":19,"column":4},"end":{"line":19,"column":18}},"11":{"start":{"line":22,"column":4},"end":{"line":22,"column":33}},"12":{"start":{"line":26,"column":0},"end":{"line":26,"column":29}}},"fnMap":{"0":{"name":"(anonymous_0)","decl":{"start":{"line":13,"column":2},"end":{"line":13,"column":7}},"loc":{"start":{"line":13,"column":19},"end":{"line":20,"column":3}}},"1":{"name":"(anonymous_1)","decl":{"start":{"line":21,"column":2},"end":{"line":21,"column":3}},"loc":{"start":{"line":21,"column":24},"end":{"line":23,"column":3}}}},"branchMap":{"0":{"loc":{"start":{"line":4,"column":16},"end":{"line":4,"column":66}},"type":"cond-expr","locations":[{"start":{"line":4,"column":23},"end":{"line":4,"column":39}},{"start":{"line":4,"column":42},"end":{"line":4,"column":66}}]},"1":{"loc":{"start":{"line":15,"column":4},"end":{"line":18,"column":5}},"type":"if","locations":[{"start":{"line":15,"column":4},"end":{"line":18,"column":5}}]}},"s":{"0":1,"1":1,"2":1,"3":1,"4":1,"5":1,"6":0,"7":0,"8":0,"9":0,"10":0,"11":0,"12":1},"f":{"0":0,"1":0},"b":{"0":[1,0],"1":[0]}}
,"/Users/rokasandreikenas/Work/IamJunior/accelerator/10. full-stack-app/frontend/src/consts/errorMessage.ts": {"path":"/Users/rokasandreikenas/Work/IamJunior/accelerator/10. full-stack-app/frontend/src/consts/errorMessage.ts","statementMap":{"0":{"start":{"line":1,"column":13},"end":{"line":4,"column":2}}},"fnMap":{},"branchMap":{},"s":{"0":1},"f":{},"b":{}}
,"/Users/rokasandreikenas/Work/IamJunior/accelerator/10. full-stack-app/frontend/src/context/UserContext.tsx": {"path":"/Users/rokasandreikenas/Work/IamJunior/accelerator/10. full-stack-app/frontend/src/context/UserContext.tsx","statementMap":{"0":{"start":{"line":1,"column":0},"end":{"line":1,"column":57}},"1":{"start":{"line":2,"column":0},"end":{"line":2,"column":46}},"2":{"start":{"line":5,"column":20},"end":{"line":15,"column":2}},"3":{"start":{"line":40,"column":23},"end":{"line":40,"column":34}},"4":{"start":{"line":17,"column":21},"end":{"line":38,"column":1}},"5":{"start":{"line":18,"column":26},"end":{"line":18,"column":68}},"6":{"start":{"line":19,"column":23},"end":{"line":19,"column":68}},"7":{"start":{"line":21,"column":21},"end":{"line":21,"column":27}},"8":{"start":{"line":23,"column":16},"end":{"line":26,"column":3}},"9":{"start":{"line":24,"column":4},"end":{"line":24,"column":32}},"10":{"start":{"line":25,"column":4},"end":{"line":25,"column":34}},"11":{"start":{"line":28,"column":17},"end":{"line":31,"column":3}},"12":{"start":{"line":29,"column":4},"end":{"line":29,"column":18}},"13":{"start":{"line":30,"column":4},"end":{"line":30,"column":19}},"14":{"start":{"line":33,"column":2},"end":{"line":37,"column":4}},"15":{"start":{"line":40,"column":9},"end":{"line":40,"column":21}}},"fnMap":{"0":{"name":"(anonymous_0)","decl":{"start":{"line":13,"column":9},"end":{"line":13,"column":12}},"loc":{"start":{"line":13,"column":14},"end":{"line":13,"column":17}}},"1":{"name":"(anonymous_1)","decl":{"start":{"line":14,"column":10},"end":{"line":14,"column":13}},"loc":{"start":{"line":14,"column":15},"end":{"line":14,"column":18}}},"2":{"name":"(anonymous_2)","decl":{"start":{"line":17,"column":21},"end":{"line":17,"column":22}},"loc":{"start":{"line":17,"column":57},"end":{"line":38,"column":1}}},"3":{"name":"(anonymous_3)","decl":{"start":{"line":23,"column":16},"end":{"line":23,"column":17}},"loc":{"start":{"line":23,"column":49},"end":{"line":26,"column":3}}},"4":{"name":"(anonymous_4)","decl":{"start":{"line":28,"column":17},"end":{"line":28,"column":20}},"loc":{"start":{"line":28,"column":22},"end":{"line":31,"column":3}}}},"branchMap":{},"s":{"0":1,"1":1,"2":1,"3":1,"4":1,"5":0,"6":0,"7":0,"8":0,"9":0,"10":0,"11":0,"12":0,"13":0,"14":0,"15":1},"f":{"0":0,"1":0,"2":0,"3":0,"4":0},"b":{}}
,"/Users/rokasandreikenas/Work/IamJunior/accelerator/10. full-stack-app/frontend/src/router/consts.ts": {"path":"/Users/rokasandreikenas/Work/IamJunior/accelerator/10. full-stack-app/frontend/src/router/consts.ts","statementMap":{"0":{"start":{"line":1,"column":13},"end":{"line":8,"column":2}}},"fnMap":{},"branchMap":{},"s":{"0":1},"f":{},"b":{}}
}
