TN:
SF:src/components/business/BusinessCard.tsx
FN:9,(anonymous_0)
FNF:1
FNH:1
FNDA:6,(anonymous_0)
DA:1,2
DA:2,2
DA:9,2
DA:10,6
DA:30,2
LF:5
LH:5
BRDA:12,0,0,6
BRDA:12,0,1,5
BRF:2
BRH:2
end_of_record
TN:
SF:src/components/business/BusinessList.tsx
FN:12,(anonymous_0)
FN:17,(anonymous_1)
FN:22,(anonymous_2)
FNF:3
FNH:3
FNDA:3,(anonymous_0)
FNDA:2,(anonymous_1)
FNDA:3,(anonymous_2)
DA:1,1
DA:2,1
DA:3,1
DA:5,1
DA:12,1
DA:13,3
DA:14,3
DA:16,3
DA:17,2
DA:20,3
DA:23,3
DA:29,1
LF:12
LH:12
BRDA:14,0,0,3
BRDA:14,0,1,0
BRDA:16,1,0,1
BRDA:16,1,1,2
BRF:4
BRH:3
end_of_record
TN:
SF:src/components/business/api.ts
FN:4,(anonymous_0)
FNF:1
FNH:0
FNDA:0,(anonymous_0)
DA:1,1
DA:4,1
DA:5,0
DA:6,0
LF:4
LH:2
BRF:0
BRH:0
end_of_record
TN:
SF:src/components/business/hooks.ts
FN:6,(anonymous_0)
FNF:1
FNH:0
FNDA:0,(anonymous_0)
DA:1,1
DA:2,1
DA:4,1
DA:6,1
DA:7,0
LF:5
LH:4
BRF:0
BRH:0
end_of_record
TN:
SF:src/components/common/Button.tsx
FN:11,(anonymous_0)
FNF:1
FNH:1
FNDA:11,(anonymous_0)
DA:1,3
DA:2,3
DA:11,3
DA:18,11
DA:34,3
LF:5
LH:5
BRDA:22,0,0,11
BRDA:22,0,1,0
BRDA:23,1,0,11
BRDA:23,1,1,0
BRDA:24,2,0,11
BRDA:24,2,1,0
BRF:6
BRH:3
end_of_record
TN:
SF:src/components/common/FormikInput.tsx
FN:9,(anonymous_0)
FNF:1
FNH:1
FNDA:10,(anonymous_0)
DA:1,1
DA:2,1
DA:3,1
DA:9,1
DA:10,10
DA:18,1
LF:6
LH:6
BRF:0
BRH:0
end_of_record
TN:
SF:src/components/common/Input.tsx
FN:6,(anonymous_0)
FNF:1
FNH:1
FNDA:28,(anonymous_0)
DA:1,1
DA:2,1
DA:6,1
DA:7,28
DA:10,1
LF:5
LH:5
BRF:0
BRH:0
end_of_record
TN:
SF:src/components/user/LoginForm.tsx
FN:17,(anonymous_0)
FN:23,(anonymous_1)
FNF:2
FNH:2
FNDA:6,(anonymous_0)
FNDA:2,(anonymous_1)
DA:1,1
DA:2,1
DA:3,1
DA:4,1
DA:5,1
DA:6,1
DA:7,1
DA:12,1
DA:13,1
DA:14,1
DA:17,1
DA:18,6
DA:19,5
DA:20,5
DA:21,5
DA:23,5
DA:24,2
DA:25,2
DA:26,1
DA:27,1
DA:29,1
DA:30,1
DA:31,1
DA:35,5
DA:67,1
LF:25
LH:25
BRDA:31,0,0,1
BRDA:31,0,1,0
BRDA:54,1,0,5
BRDA:54,1,1,1
BRF:4
BRH:3
end_of_record
TN:
SF:src/components/user/consts.ts
FNF:0
FNH:0
DA:1,1
DA:3,1
DA:5,1
DA:13,1
DA:22,1
DA:27,1
LF:6
LH:6
BRF:0
BRH:0
end_of_record
TN:
SF:src/config/axios.ts
FN:13,(anonymous_0)
FN:21,(anonymous_1)
FNF:2
FNH:0
FNDA:0,(anonymous_0)
FNDA:0,(anonymous_1)
DA:1,1
DA:2,1
DA:4,1
DA:6,1
DA:10,1
DA:12,1
DA:14,0
DA:15,0
DA:16,0
DA:17,0
DA:19,0
DA:22,0
DA:26,1
LF:13
LH:7
BRDA:4,0,0,1
BRDA:4,0,1,0
BRDA:15,1,0,0
BRF:3
BRH:1
end_of_record
TN:
SF:src/consts/errorMessage.ts
FNF:0
FNH:0
DA:1,1
LF:1
LH:1
BRF:0
BRH:0
end_of_record
TN:
SF:src/context/UserContext.tsx
FN:13,(anonymous_0)
FN:14,(anonymous_1)
FN:17,(anonymous_2)
FN:23,(anonymous_3)
FN:28,(anonymous_4)
FNF:5
FNH:0
FNDA:0,(anonymous_0)
FNDA:0,(anonymous_1)
FNDA:0,(anonymous_2)
FNDA:0,(anonymous_3)
FNDA:0,(anonymous_4)
DA:1,1
DA:2,1
DA:5,1
DA:17,1
DA:18,0
DA:19,0
DA:21,0
DA:23,0
DA:24,0
DA:25,0
DA:28,0
DA:29,0
DA:30,0
DA:33,0
DA:40,1
LF:15
LH:5
BRF:0
BRH:0
end_of_record
TN:
SF:src/router/consts.ts
FNF:0
FNH:0
DA:1,1
LF:1
LH:1
BRF:0
BRH:0
end_of_record
